<?xml version="1.0" encoding="UTF-8"?>
<!-- Generated by org.testng.reporters.JUnitXMLReporter -->
<testsuite ignored="0" hostname="DESKTOP-NCFL89A" failures="0" tests="3" name="Default test" time="167.449" errors="0" timestamp="22 Feb 2021 19:34:02 GMT">
  <testcase classname="DataProviderAnnotation.MMTDataProvider" name="dataProviderTest" time="53.873"/>
  <testcase classname="DataProviderAnnotation.MMTDataProvider" name="dataProviderTest" time="50.257"/>
  <testcase classname="DataProviderAnnotation.MMTDataProvider" name="dataProviderTest" time="61.795"/>
</testsuite> <!-- Default test -->
