<?xml version="1.0" encoding="UTF-8"?>
<testng-results ignored="0" total="1" passed="1" failed="0" skipped="0">
  <reporter-output>
  </reporter-output>
  <suite started-at="2021-02-23T13:25:13Z" name="Default suite" finished-at="2021-02-23T13:25:49Z" duration-ms="36560">
    <groups>
    </groups>
    <test started-at="2021-02-23T13:25:13Z" name="Default test" finished-at="2021-02-23T13:25:49Z" duration-ms="36560">
      <class name="WebTable.CreateOrgWithRandomData">
        <test-method signature="createOrg()[pri:0, instance:WebTable.CreateOrgWithRandomData@6aa61224]" started-at="2021-02-23T13:25:13Z" name="createOrg" finished-at="2021-02-23T13:25:49Z" duration-ms="36508" status="PASS">
          <reporter-output>
          </reporter-output>
        </test-method> <!-- createOrg -->
      </class> <!-- WebTable.CreateOrgWithRandomData -->
    </test> <!-- Default test -->
  </suite> <!-- Default suite -->
</testng-results>
